<?xml version="1.0" encoding="UTF-8"?>
<testng-results skipped="0" failed="0" ignored="0" total="4" passed="4">
  <reporter-output>
  </reporter-output>
  <suite name="Suite" duration-ms="90" started-at="2020-02-28T03:15:53Z" finished-at="2020-02-28T03:15:53Z">
    <groups>
    </groups>
    <test name="Test" duration-ms="90" started-at="2020-02-28T03:15:53Z" finished-at="2020-02-28T03:15:53Z">
      <class name="aSecondPackage.ASecondTest">
        <test-method status="PASS" signature="a()[pri:0, instance:aSecondPackage.ASecondTest@7f9a81e8]" name="a" duration-ms="5" started-at="2020-02-28T03:15:53Z" finished-at="2020-02-28T03:15:53Z">
          <reporter-output>
          </reporter-output>
        </test-method> <!-- a -->
        <test-method status="PASS" signature="b()[pri:0, instance:aSecondPackage.ASecondTest@7f9a81e8]" name="b" duration-ms="1" started-at="2020-02-28T03:15:53Z" finished-at="2020-02-28T03:15:53Z">
          <reporter-output>
          </reporter-output>
        </test-method> <!-- b -->
      </class> <!-- aSecondPackage.ASecondTest -->
      <class name="firstPackage.firstTest">
        <test-method status="PASS" signature="TC01_fisttest()[pri:0, instance:firstPackage.firstTest@9629756]" name="TC01_fisttest" duration-ms="4" started-at="2020-02-28T03:15:53Z" finished-at="2020-02-28T03:15:53Z">
          <reporter-output>
          </reporter-output>
        </test-method> <!-- TC01_fisttest -->
      </class> <!-- firstPackage.firstTest -->
      <class name="aSecondPackage.BFirstTest">
        <test-method status="PASS" signature="TC01_FirstTest()[pri:0, instance:aSecondPackage.BFirstTest@51081592]" name="TC01_FirstTest" duration-ms="17" started-at="2020-02-28T03:15:53Z" finished-at="2020-02-28T03:15:53Z">
          <reporter-output>
          </reporter-output>
        </test-method> <!-- TC01_FirstTest -->
      </class> <!-- aSecondPackage.BFirstTest -->
    </test> <!-- Test -->
  </suite> <!-- Suite -->
</testng-results>
